Determining if the pthread_create exist failed with the following output:
Change Dir: /home/sampreets3/GitHub/maria-robot/ros_ws/build/CMakeFiles/CMakeTmp

Run Build Command:"/usr/bin/make" "cmTC_5f653/fast"
/usr/bin/make -f CMakeFiles/cmTC_5f653.dir/build.make CMakeFiles/cmTC_5f653.dir/build
make[1]: Entering directory '/home/sampreets3/GitHub/maria-robot/ros_ws/build/CMakeFiles/CMakeTmp'
Building C object CMakeFiles/cmTC_5f653.dir/CheckSymbolExists.c.o
/usr/bin/cc    -o CMakeFiles/cmTC_5f653.dir/CheckSymbolExists.c.o   -c /home/sampreets3/GitHub/maria-robot/ros_ws/build/CMakeFiles/CMakeTmp/CheckSymbolExists.c
Linking C executable cmTC_5f653
/usr/bin/cmake -E cmake_link_script CMakeFiles/cmTC_5f653.dir/link.txt --verbose=1
/usr/bin/cc      -rdynamic CMakeFiles/cmTC_5f653.dir/CheckSymbolExists.c.o  -o cmTC_5f653 
CMakeFiles/cmTC_5f653.dir/CheckSymbolExists.c.o: In function `main':
CheckSymbolExists.c:(.text+0x1b): undefined reference to `pthread_create'
collect2: error: ld returned 1 exit status
CMakeFiles/cmTC_5f653.dir/build.make:97: recipe for target 'cmTC_5f653' failed
make[1]: *** [cmTC_5f653] Error 1
make[1]: Leaving directory '/home/sampreets3/GitHub/maria-robot/ros_ws/build/CMakeFiles/CMakeTmp'
Makefile:126: recipe for target 'cmTC_5f653/fast' failed
make: *** [cmTC_5f653/fast] Error 2

File /home/sampreets3/GitHub/maria-robot/ros_ws/build/CMakeFiles/CMakeTmp/CheckSymbolExists.c:
/* */
#include <pthread.h>

int main(int argc, char** argv)
{
  (void)argv;
#ifndef pthread_create
  return ((int*)(&pthread_create))[argc];
#else
  (void)argc;
  return 0;
#endif
}

Determining if the function pthread_create exists in the pthreads failed with the following output:
Change Dir: /home/sampreets3/GitHub/maria-robot/ros_ws/build/CMakeFiles/CMakeTmp

Run Build Command:"/usr/bin/make" "cmTC_38dae/fast"
/usr/bin/make -f CMakeFiles/cmTC_38dae.dir/build.make CMakeFiles/cmTC_38dae.dir/build
make[1]: Entering directory '/home/sampreets3/GitHub/maria-robot/ros_ws/build/CMakeFiles/CMakeTmp'
Building C object CMakeFiles/cmTC_38dae.dir/CheckFunctionExists.c.o
/usr/bin/cc   -DCHECK_FUNCTION_EXISTS=pthread_create   -o CMakeFiles/cmTC_38dae.dir/CheckFunctionExists.c.o   -c /usr/share/cmake-3.10/Modules/CheckFunctionExists.c
Linking C executable cmTC_38dae
/usr/bin/cmake -E cmake_link_script CMakeFiles/cmTC_38dae.dir/link.txt --verbose=1
/usr/bin/cc  -DCHECK_FUNCTION_EXISTS=pthread_create    -rdynamic CMakeFiles/cmTC_38dae.dir/CheckFunctionExists.c.o  -o cmTC_38dae -lpthreads 
/usr/bin/ld: cannot find -lpthreads
collect2: error: ld returned 1 exit status
CMakeFiles/cmTC_38dae.dir/build.make:97: recipe for target 'cmTC_38dae' failed
make[1]: *** [cmTC_38dae] Error 1
make[1]: Leaving directory '/home/sampreets3/GitHub/maria-robot/ros_ws/build/CMakeFiles/CMakeTmp'
Makefile:126: recipe for target 'cmTC_38dae/fast' failed
make: *** [cmTC_38dae/fast] Error 2


